<?xml version="1.0" encoding="UTF-8"?>
<!-- Generated by org.testng.reporters.JUnitXMLReporter -->
<testsuite ignored="0" hostname="DESKTOP-FB37VM8" failures="0" tests="3" name="Accounts Page Test" time="10.943" errors="0" timestamp="20 Aug 2022 03:44:46 GMT">
  <testcase classname="com.qa.opencart.test.AccountsPageTest" name="accPageTitleExist" time="0.015"/>
  <testcase classname="com.qa.opencart.test.AccountsPageTest" name="accpageHeadersTest" time="0.133"/>
  <testcase classname="com.qa.opencart.test.AccountsPageTest" name="isLogoutLinkExist" time="0.03"/>
</testsuite> <!-- Accounts Page Test -->
