<?xml version="1.0" encoding="UTF-8"?>
<!-- Generated by org.testng.reporters.JUnitXMLReporter -->
<testsuite ignored="0" hostname="DESKTOP-FB37VM8" failures="0" tests="3" name="Accounts Page Test" time="9.327" errors="0" timestamp="14 Aug 2022 01:09:25 GMT">
  <testcase classname="com.qa.opencart.test.AccountsPageTest" name="accPageTitleExist" time="0.035"/>
  <testcase classname="com.qa.opencart.test.AccountsPageTest" name="accpageHeadersTest" time="0.27"/>
  <testcase classname="com.qa.opencart.test.AccountsPageTest" name="isLogoutLinkExist" time="0.051"/>
</testsuite> <!-- Accounts Page Test -->
