<?xml version="1.0" encoding="UTF-8"?>
<!-- Generated by org.testng.reporters.JUnitXMLReporter -->
<testsuite ignored="0" hostname="DESKTOP-FB37VM8" failures="0" tests="4" name="Product Search Test" time="16.848" errors="0" timestamp="14 Aug 2022 01:09:33 GMT">
  <testcase classname="com.qa.opencart.test.ProductSearchTest" name="productInfoTest" time="2.884"/>
  <testcase classname="com.qa.opencart.test.ProductSearchTest" name="productSearchTest" time="1.85"/>
  <testcase classname="com.qa.opencart.test.ProductSearchTest" name="productSearchTest" time="1.544"/>
  <testcase classname="com.qa.opencart.test.ProductSearchTest" name="productSearchTest" time="1.81"/>
</testsuite> <!-- Product Search Test -->
