<?xml version="1.0" encoding="UTF-8"?>
<!-- Generated by org.testng.reporters.JUnitXMLReporter -->
<testsuite ignored="0" hostname="DESKTOP-FB37VM8" failures="0" tests="4" name="Product Search Test" time="17.848" errors="0" timestamp="20 Aug 2022 03:44:53 GMT">
  <testcase classname="com.qa.opencart.test.ProductSearchTest" name="productInfoTest" time="3.308"/>
  <testcase classname="com.qa.opencart.test.ProductSearchTest" name="productSearchTest" time="2.154"/>
  <testcase classname="com.qa.opencart.test.ProductSearchTest" name="productSearchTest" time="1.342"/>
  <testcase classname="com.qa.opencart.test.ProductSearchTest" name="productSearchTest" time="1.569"/>
</testsuite> <!-- Product Search Test -->
